::1 - - [23/Sep/2021:08:59:52 +0000] "GET /api/v1/products HTTP/1.1" 200 20
::1 - - [23/Sep/2021:09:01:27 +0000] "GET /api/v1/products HTTP/1.1" 200 20
::1 - - [23/Sep/2021:09:01:28 +0000] "GET /api/v1/products HTTP/1.1" 200 20
::1 - - [23/Sep/2021:09:01:32 +0000] "GET /api/v1/products HTTP/1.1" 200 20
::1 - - [23/Sep/2021:09:01:47 +0000] "POST /api/v1/products HTTP/1.1" 200 20
::1 - - [23/Sep/2021:12:56:21 +0000] "POST /api/v1/products HTTP/1.1" 200 20
::1 - - [23/Sep/2021:12:56:59 +0000] "POST /api/v1/products HTTP/1.1" 200 20
::1 - - [23/Sep/2021:12:57:09 +0000] "POST /api/v1/products HTTP/1.1" 200 21
::1 - - [23/Sep/2021:13:01:15 +0000] "GET /api/v1/products HTTP/1.1" 200 2
::1 - - [23/Sep/2021:13:02:34 +0000] "GET /api/v1/products HTTP/1.1" 200 2
::1 - - [23/Sep/2021:13:03:06 +0000] "GET /api/v1/products HTTP/1.1" 200 112
::1 - - [23/Sep/2021:14:49:37 +0000] "GET /api/v1/products HTTP/1.1" 200 20
::1 - - [23/Sep/2021:14:49:44 +0000] "GET /api/v1/products HTTP/1.1" 200 20
::1 - - [23/Sep/2021:14:49:51 +0000] "POST /api/v1/products HTTP/1.1" - -
::1 - - [23/Sep/2021:14:51:44 +0000] "GET /api/v1/users HTTP/1.1" 200 20
::1 - - [23/Sep/2021:14:52:42 +0000] "GET /api/v1/orders HTTP/1.1" 200 20
::1 - - [23/Sep/2021:15:03:38 +0000] "POST /api/v1/products HTTP/1.1" 200 57
::1 - - [23/Sep/2021:15:04:11 +0000] "POST /api/v1/products HTTP/1.1" 200 49
::1 - - [23/Sep/2021:15:04:45 +0000] "POST /api/v1/products HTTP/1.1" 200 155
::1 - - [24/Sep/2021:02:38:02 +0000] "GET /api/v1/categories HTTP/1.1" 200 30
::1 - - [24/Sep/2021:02:43:55 +0000] "POST /api/v1/categories HTTP/1.1" 500 89
::1 - - [24/Sep/2021:02:44:17 +0000] "POST /api/v1/categories HTTP/1.1" 201 123
::1 - - [24/Sep/2021:03:00:26 +0000] "DELETE /api/v1/categories/Electronics HTTP/1.1" 401 17
::1 - - [24/Sep/2021:03:01:02 +0000] "DELETE /api/v1/categories/Electronics HTTP/1.1" 401 100
::1 - - [24/Sep/2021:03:01:39 +0000] "DELETE /api/v1/categories/Electronics HTTP/1.1" 204 -
::1 - - [24/Sep/2021:03:05:46 +0000] "DELETE /api/v1/categories/Electronics HTTP/1.1" 204 -
::1 - - [24/Sep/2021:03:05:50 +0000] "DELETE /api/v1/categories/Electronics HTTP/1.1" 204 -
::1 - - [24/Sep/2021:03:05:53 +0000] "DELETE /api/v1/categories/Electronics HTTP/1.1" 204 -
::1 - - [24/Sep/2021:03:05:55 +0000] "DELETE /api/v1/categories/Electronics HTTP/1.1" 204 -
::1 - - [24/Sep/2021:03:09:18 +0000] "DELETE /api/v1/categories/Electronics HTTP/1.1" 401 152
::1 - - [24/Sep/2021:03:09:33 +0000] "POST /api/v1/categories HTTP/1.1" 201 123
::1 - - [24/Sep/2021:03:09:47 +0000] "DELETE /api/v1/categories/614d416d522d85abae4cbdd1 HTTP/1.1" 401 165
::1 - - [24/Sep/2021:03:10:25 +0000] "DELETE /api/v1/categories/614d416d522d85abae4cbdd1 HTTP/1.1" 204 -
::1 - - [24/Sep/2021:03:23:58 +0000] "GET /api/v1/categories/614d416d522d85abae4cbdd1 HTTP/1.1" 404 181
::1 - - [24/Sep/2021:03:24:57 +0000] "GET /api/v1/categories/614d416d522d85abae4cbdd1 HTTP/1.1" 401 49
::1 - - [24/Sep/2021:03:25:03 +0000] "POST /api/v1/categories HTTP/1.1" 201 123
::1 - - [24/Sep/2021:03:25:16 +0000] "GET /api/v1/categories/614d450f5303555a7d0ce2ca HTTP/1.1" 200 123
::1 - - [24/Sep/2021:03:26:40 +0000] "GET /api/v1/categories/614d450f5303555a7d0ce2c HTTP/1.1" 400 155
::1 - - [24/Sep/2021:03:43:09 +0000] "GET /api/v1/categories/614d450f5303555a7d0ce2ca HTTP/1.1" 200 123
::1 - - [24/Sep/2021:03:44:13 +0000] "PATCH /api/v1/categories/614d450f5303555a7d0ce2ca HTTP/1.1" - -
::1 - - [24/Sep/2021:03:44:42 +0000] "PATCH /api/v1/categories/614d450f5303555a7d0ce2ca HTTP/1.1" - -
::1 - - [24/Sep/2021:03:45:00 +0000] "PATCH /api/v1/categories/614d450f5303555a7d0ce2ca HTTP/1.1" - -
::1 - - [24/Sep/2021:03:45:29 +0000] "PATCH /api/v1/categories/614d450f5303555a7d0ce2ca HTTP/1.1" - -
::1 - - [24/Sep/2021:03:48:15 +0000] "PATCH /api/v1/categories/614d450f5303555a7d0ce2ca HTTP/1.1" - -
::1 - - [24/Sep/2021:03:49:11 +0000] "PATCH /api/v1/categories/614d450f5303555a7d0ce2ca HTTP/1.1" - -
::1 - - [24/Sep/2021:03:53:06 +0000] "PATCH /api/v1/categories/614d450f5303555a7d0ce2ca HTTP/1.1" - -
::1 - - [24/Sep/2021:03:54:19 +0000] "PATCH /api/v1/categories/614d450f5303555a7d0ce2ca HTTP/1.1" - -
::1 - - [24/Sep/2021:03:59:43 +0000] "PATCH /api/v1/categories/614d450f5303555a7d0ce2ca HTTP/1.1" 200 169
